2014-12-08 16:55:24,797:INFO:Starting new HTTP connection (1): www.tmall.com
2014-12-08 16:55:24,863:DEBUG:"GET / HTTP/1.1" 200 None
2014-12-08 16:56:12,014:INFO:Starting new HTTP connection (1): www.tmall.com
2014-12-08 16:56:47,204:DEBUG:"GET / HTTP/1.1" 200 None
2014-12-08 16:56:57,628:INFO:Starting new HTTP connection (1): www.tmall.com
2014-12-08 16:56:57,646:DEBUG:"GET / HTTP/1.1" 200 None
2014-12-08 16:57:10,520:INFO:Starting new HTTP connection (1): www.tmall.com
2014-12-08 16:57:10,549:DEBUG:"GET / HTTP/1.1" 200 None
2014-12-08 16:59:12,772:INFO:Starting new HTTP connection (1): www.tmall.com
2014-12-08 16:59:12,835:DEBUG:"GET / HTTP/1.1" 200 None
2014-12-08 17:00:00,496:INFO:Starting new HTTP connection (1): www.tmall.com
2014-12-08 17:00:01,001:DEBUG:"GET / HTTP/1.1" 200 None
2014-12-08 17:00:06,119:INFO:Starting new HTTP connection (1): detail.tmall.com
2014-12-08 17:00:06,250:DEBUG:"GET / HTTP/1.1" 302 258
2014-12-08 17:00:06,291:INFO:Starting new HTTP connection (1): err.tmall.com
2014-12-08 17:00:06,334:DEBUG:"GET /error1.html HTTP/1.1" 200 6551
2014-12-08 17:00:11,465:INFO:Starting new HTTP connection (1): list.tmall.com
2014-12-08 17:00:11,605:DEBUG:"GET / HTTP/1.1" 302 260
2014-12-08 17:00:11,611:INFO:Starting new HTTP connection (1): www.tmall.com
2014-12-08 17:00:11,655:DEBUG:"GET / HTTP/1.1" 200 None
2014-12-08 17:00:16,807:INFO:Starting new HTTP connection (1): tuikuan.tmall.com
2014-12-08 17:00:16,919:DEBUG:"GET / HTTP/1.1" 302 0
2014-12-08 17:00:16,963:INFO:Starting new HTTP connection (1): login.taobao.com
2014-12-08 17:00:17,068:DEBUG:"GET /?redirectURL=http%3A%2F%2Ftuikuan.tmall.com%2F HTTP/1.1" 302 260
2014-12-08 17:00:17,073:INFO:Starting new HTTPS connection (1): login.taobao.com
2014-12-08 17:00:17,307:DEBUG:"GET /member/login.jhtml?redirectURL=http%3A%2F%2Ftuikuan.tmall.com%2F HTTP/1.1" 200 None
2014-12-08 17:00:22,438:INFO:Starting new HTTP connection (1): trade.tmall.com
2014-12-08 17:00:22,579:DEBUG:"GET / HTTP/1.1" 302 260
2014-12-08 17:00:22,583:INFO:Starting new HTTP connection (1): err.tmall.com
2014-12-08 17:00:22,648:DEBUG:"GET /error1.html HTTP/1.1" 200 6551
2014-12-08 17:00:27,772:INFO:Starting new HTTP connection (1): gongxiao.tmall.com
2014-12-08 17:00:28,192:DEBUG:"GET / HTTP/1.1" 301 280
2014-12-08 17:00:28,198:INFO:Resetting dropped connection: gongxiao.tmall.com
2014-12-08 17:00:28,275:DEBUG:"GET /index.htm HTTP/1.1" 200 None
2014-12-08 17:00:33,416:INFO:Starting new HTTP connection (1): vip.tmall.com
2014-12-08 17:00:33,545:DEBUG:"GET / HTTP/1.1" 200 None
2014-12-08 17:00:38,823:INFO:Starting new HTTP connection (1): upload.tmall.com
2014-12-08 17:00:38,982:DEBUG:"GET / HTTP/1.1" 200 None
2014-12-08 17:04:49,037:INFO:Starting new HTTP connection (1): upload.tmall.com
2014-12-08 17:04:49,114:DEBUG:"GET / HTTP/1.1" 200 None
2014-12-08 17:05:51,800:INFO:Starting new HTTP connection (1): upload.tmall.com
2014-12-08 17:05:51,885:DEBUG:"GET / HTTP/1.1" 200 None
2014-12-08 17:05:51,889:INFO:success 1
2014-12-08 17:05:57,002:INFO:Starting new HTTP connection (1): chaoshi.tmall.com
2014-12-08 17:05:57,135:DEBUG:"GET / HTTP/1.1" 200 None
2014-12-08 17:05:57,170:INFO:success 2
2014-12-08 17:06:02,217:INFO:Starting new HTTP connection (1): www.tmall.com
2014-12-08 17:06:02,304:DEBUG:"GET / HTTP/1.1" 200 None
2014-12-08 17:06:02,357:INFO:success 3
2014-12-08 17:06:07,474:INFO:Starting new HTTP connection (1): detail.tmall.com
2014-12-08 17:06:07,611:DEBUG:"GET / HTTP/1.1" 302 258
2014-12-08 17:06:07,694:INFO:Starting new HTTP connection (1): err.tmall.com
2014-12-08 17:06:07,707:DEBUG:"GET /error1.html HTTP/1.1" 200 6551
2014-12-08 17:06:07,731:INFO:success 4
2014-12-08 17:06:12,842:INFO:Starting new HTTP connection (1): list.tmall.com
2014-12-08 17:06:12,947:DEBUG:"GET / HTTP/1.1" 302 260
2014-12-08 17:06:12,953:INFO:Starting new HTTP connection (1): www.tmall.com
2014-12-08 17:06:12,973:DEBUG:"GET / HTTP/1.1" 200 None
2014-12-08 17:06:13,011:INFO:success 5
2014-12-08 17:06:18,093:INFO:Starting new HTTP connection (1): tuikuan.tmall.com
2014-12-08 17:06:18,214:DEBUG:"GET / HTTP/1.1" 302 0
2014-12-08 17:06:18,293:INFO:Starting new HTTP connection (1): login.taobao.com
2014-12-08 17:06:18,402:DEBUG:"GET /?redirectURL=http%3A%2F%2Ftuikuan.tmall.com%2F HTTP/1.1" 302 260
2014-12-08 17:06:18,407:INFO:Starting new HTTPS connection (1): login.taobao.com
2014-12-08 17:06:18,623:DEBUG:"GET /member/login.jhtml?redirectURL=http%3A%2F%2Ftuikuan.tmall.com%2F HTTP/1.1" 200 None
2014-12-08 17:06:18,640:INFO:success 6
2014-12-08 17:06:23,716:INFO:Starting new HTTP connection (1): trade.tmall.com
2014-12-08 17:06:23,824:DEBUG:"GET / HTTP/1.1" 302 260
2014-12-08 17:06:23,829:INFO:Starting new HTTP connection (1): err.tmall.com
2014-12-08 17:06:23,908:DEBUG:"GET /error1.html HTTP/1.1" 200 6551
2014-12-08 17:06:23,935:INFO:success 7
2014-12-08 17:06:29,006:INFO:Starting new HTTP connection (1): gongxiao.tmall.com
2014-12-08 17:06:29,148:DEBUG:"GET / HTTP/1.1" 301 280
2014-12-08 17:06:29,153:INFO:Resetting dropped connection: gongxiao.tmall.com
2014-12-08 17:06:29,235:DEBUG:"GET /index.htm HTTP/1.1" 200 None
2014-12-08 17:06:29,293:INFO:success 8
2014-12-08 17:06:34,446:INFO:Starting new HTTP connection (1): vip.tmall.com
2014-12-08 17:06:34,710:DEBUG:"GET / HTTP/1.1" 200 None
2014-12-08 17:06:34,886:INFO:success 9
2014-12-08 17:06:40,930:INFO:Starting new HTTP connection (1): upload.tmall.com
2014-12-08 17:06:41,024:DEBUG:"GET / HTTP/1.1" 200 None
2014-12-08 17:06:41,026:INFO:success 10
2014-12-08 17:06:46,096:INFO:Starting new HTTP connection (1): chaoshi.tmall.com
2014-12-08 17:06:46,179:DEBUG:"GET / HTTP/1.1" 200 None
2014-12-08 17:06:46,218:INFO:success 11
2014-12-08 17:06:51,295:INFO:Starting new HTTP connection (1): www.tmall.com
2014-12-08 17:06:51,319:DEBUG:"GET / HTTP/1.1" 200 None
2014-12-08 17:06:51,353:INFO:success 12
2014-12-08 17:06:56,405:INFO:Starting new HTTP connection (1): detail.tmall.com
2014-12-08 17:06:56,604:DEBUG:"GET / HTTP/1.1" 302 258
2014-12-08 17:06:56,646:INFO:Starting new HTTP connection (1): err.tmall.com
2014-12-08 17:06:56,657:DEBUG:"GET /error1.html HTTP/1.1" 200 6551
2014-12-08 17:06:56,678:INFO:success 13
2014-12-08 17:07:01,748:INFO:Starting new HTTP connection (1): list.tmall.com
2014-12-08 17:07:01,857:DEBUG:"GET / HTTP/1.1" 302 260
2014-12-08 17:07:01,863:INFO:Starting new HTTP connection (1): www.tmall.com
2014-12-08 17:07:01,895:DEBUG:"GET / HTTP/1.1" 200 None
2014-12-08 17:07:01,938:INFO:success 14
2014-12-08 17:07:06,982:INFO:Starting new HTTP connection (1): tuikuan.tmall.com
2014-12-08 17:07:07,223:DEBUG:"GET / HTTP/1.1" 302 0
2014-12-08 17:07:07,265:INFO:Starting new HTTP connection (1): login.taobao.com
2014-12-08 17:07:07,354:DEBUG:"GET /?redirectURL=http%3A%2F%2Ftuikuan.tmall.com%2F HTTP/1.1" 302 260
2014-12-08 17:07:07,359:INFO:Starting new HTTPS connection (1): login.taobao.com
2014-12-08 17:07:07,613:DEBUG:"GET /member/login.jhtml?redirectURL=http%3A%2F%2Ftuikuan.tmall.com%2F HTTP/1.1" 200 None
2014-12-08 17:07:07,629:INFO:success 15
2014-12-08 17:07:12,667:INFO:Starting new HTTP connection (1): trade.tmall.com
2014-12-08 17:07:12,739:DEBUG:"GET / HTTP/1.1" 302 260
2014-12-08 17:07:12,743:INFO:Starting new HTTP connection (1): err.tmall.com
2014-12-08 17:07:12,754:DEBUG:"GET /error1.html HTTP/1.1" 200 6551
2014-12-08 17:07:12,785:INFO:success 16
2014-12-08 17:07:17,857:INFO:Starting new HTTP connection (1): gongxiao.tmall.com
2014-12-08 17:07:17,929:DEBUG:"GET / HTTP/1.1" 301 280
2014-12-08 17:07:17,934:INFO:Resetting dropped connection: gongxiao.tmall.com
2014-12-08 17:07:18,013:DEBUG:"GET /index.htm HTTP/1.1" 200 None
2014-12-08 17:07:18,057:INFO:success 17
2014-12-08 17:07:23,128:INFO:Starting new HTTP connection (1): vip.tmall.com
2014-12-08 17:07:23,250:DEBUG:"GET / HTTP/1.1" 200 None
2014-12-08 17:07:23,415:INFO:success 18
2014-12-08 17:07:28,488:INFO:Starting new HTTP connection (1): upload.tmall.com
2014-12-08 17:07:28,629:DEBUG:"GET / HTTP/1.1" 200 None
2014-12-08 17:07:28,630:INFO:success 19
2014-12-08 17:07:33,722:INFO:Starting new HTTP connection (1): chaoshi.tmall.com
2014-12-08 17:07:33,803:DEBUG:"GET / HTTP/1.1" 200 None
2014-12-08 17:07:33,840:INFO:success 20
2014-12-08 17:07:39,075:INFO:Starting new HTTP connection (1): www.tmall.com
2014-12-08 17:07:39,114:DEBUG:"GET / HTTP/1.1" 200 None
2014-12-08 17:07:39,155:INFO:success 21
2014-12-08 17:07:44,247:INFO:Starting new HTTP connection (1): detail.tmall.com
2014-12-08 17:07:44,468:DEBUG:"GET / HTTP/1.1" 302 258
2014-12-08 17:07:44,551:INFO:Starting new HTTP connection (1): err.tmall.com
2014-12-08 17:07:44,647:DEBUG:"GET /error1.html HTTP/1.1" 200 6551
2014-12-08 17:07:44,667:INFO:success 22
2014-12-08 17:07:49,754:INFO:Starting new HTTP connection (1): list.tmall.com
2014-12-08 17:07:49,815:DEBUG:"GET / HTTP/1.1" 302 260
2014-12-08 17:07:49,820:INFO:Starting new HTTP connection (1): www.tmall.com
2014-12-08 17:07:49,839:DEBUG:"GET / HTTP/1.1" 200 None
2014-12-08 17:07:49,879:INFO:success 23
2014-12-08 17:07:54,937:INFO:Starting new HTTP connection (1): tuikuan.tmall.com
2014-12-08 17:07:55,057:DEBUG:"GET / HTTP/1.1" 302 0
2014-12-08 17:07:55,108:INFO:Starting new HTTP connection (1): login.taobao.com
2014-12-08 17:07:55,207:DEBUG:"GET /?redirectURL=http%3A%2F%2Ftuikuan.tmall.com%2F HTTP/1.1" 302 260
2014-12-08 17:07:55,212:INFO:Starting new HTTPS connection (1): login.taobao.com
2014-12-08 17:07:55,456:DEBUG:"GET /member/login.jhtml?redirectURL=http%3A%2F%2Ftuikuan.tmall.com%2F HTTP/1.1" 200 None
2014-12-08 17:07:55,474:INFO:success 24
2014-12-08 17:08:00,530:INFO:Starting new HTTP connection (1): trade.tmall.com
2014-12-08 17:08:00,599:DEBUG:"GET / HTTP/1.1" 302 260
2014-12-08 17:08:00,604:INFO:Starting new HTTP connection (1): err.tmall.com
2014-12-08 17:08:00,629:DEBUG:"GET /error1.html HTTP/1.1" 200 6551
2014-12-08 17:08:00,648:INFO:success 25
2014-12-08 17:08:05,720:INFO:Starting new HTTP connection (1): gongxiao.tmall.com
2014-12-08 17:08:05,789:DEBUG:"GET / HTTP/1.1" 301 280
2014-12-08 17:08:05,795:INFO:Resetting dropped connection: gongxiao.tmall.com
2014-12-08 17:08:05,913:DEBUG:"GET /index.htm HTTP/1.1" 200 None
2014-12-08 17:08:05,954:INFO:success 26
2014-12-08 17:08:11,027:INFO:Starting new HTTP connection (1): vip.tmall.com
2014-12-08 17:08:11,113:DEBUG:"GET / HTTP/1.1" 200 None
2014-12-08 17:08:11,284:INFO:success 27
2014-12-08 17:08:16,336:INFO:Starting new HTTP connection (1): upload.tmall.com
2014-12-08 17:08:16,462:DEBUG:"GET / HTTP/1.1" 200 None
2014-12-08 17:08:16,464:INFO:success 28
2014-12-08 17:08:21,581:INFO:Starting new HTTP connection (1): chaoshi.tmall.com
2014-12-08 17:08:21,663:DEBUG:"GET / HTTP/1.1" 200 None
2014-12-08 17:08:21,705:INFO:success 29
2014-12-08 17:08:27,748:INFO:Starting new HTTP connection (1): www.tmall.com
2014-12-08 17:08:27,814:DEBUG:"GET / HTTP/1.1" 200 None
2014-12-08 17:08:27,897:INFO:success 30
2014-12-08 17:08:32,946:INFO:Starting new HTTP connection (1): detail.tmall.com
2014-12-08 17:08:33,063:DEBUG:"GET / HTTP/1.1" 302 258
2014-12-08 17:08:33,179:INFO:Starting new HTTP connection (1): err.tmall.com
2014-12-08 17:08:33,191:DEBUG:"GET /error1.html HTTP/1.1" 200 6551
2014-12-08 17:08:33,208:INFO:success 31
2014-12-08 17:08:38,325:INFO:Starting new HTTP connection (1): list.tmall.com
2014-12-08 17:08:38,397:DEBUG:"GET / HTTP/1.1" 302 260
2014-12-08 17:08:38,402:INFO:Starting new HTTP connection (1): www.tmall.com
2014-12-08 17:08:38,430:DEBUG:"GET / HTTP/1.1" 200 None
2014-12-08 17:08:38,470:INFO:success 32
2014-12-08 17:08:43,545:INFO:Starting new HTTP connection (1): tuikuan.tmall.com
2014-12-08 17:08:43,629:DEBUG:"GET / HTTP/1.1" 302 0
2014-12-08 17:08:43,665:INFO:Starting new HTTP connection (1): login.taobao.com
2014-12-08 17:08:43,748:DEBUG:"GET /?redirectURL=http%3A%2F%2Ftuikuan.tmall.com%2F HTTP/1.1" 302 260
2014-12-08 17:08:43,753:INFO:Starting new HTTPS connection (1): login.taobao.com
2014-12-08 17:08:44,334:DEBUG:"GET /member/login.jhtml?redirectURL=http%3A%2F%2Ftuikuan.tmall.com%2F HTTP/1.1" 200 None
2014-12-08 17:08:44,353:INFO:success 33
2014-12-08 17:08:49,175:INFO:Starting new HTTP connection (1): www.tmall.com
2014-12-08 17:08:49,213:DEBUG:"GET / HTTP/1.1" 200 None
2014-12-08 17:08:49,255:INFO:success 1
2014-12-08 17:08:54,325:INFO:Starting new HTTP connection (1): detail.tmall.com
2014-12-08 17:08:54,422:DEBUG:"GET / HTTP/1.1" 302 258
2014-12-08 17:08:54,495:INFO:Starting new HTTP connection (1): err.tmall.com
2014-12-08 17:08:54,508:DEBUG:"GET /error1.html HTTP/1.1" 200 6551
2014-12-08 17:08:54,525:INFO:success 2
2014-12-08 17:08:59,603:INFO:Starting new HTTP connection (1): list.tmall.com
2014-12-08 17:08:59,697:DEBUG:"GET / HTTP/1.1" 302 260
2014-12-08 17:08:59,702:INFO:Starting new HTTP connection (1): www.tmall.com
2014-12-08 17:08:59,729:DEBUG:"GET / HTTP/1.1" 200 None
2014-12-08 17:08:59,789:INFO:success 3
2014-12-08 17:09:04,833:INFO:Starting new HTTP connection (1): tuikuan.tmall.com
2014-12-08 17:09:04,917:DEBUG:"GET / HTTP/1.1" 302 0
2014-12-08 17:09:06,056:INFO:Starting new HTTP connection (1): login.taobao.com
2014-12-08 17:09:06,122:DEBUG:"GET /?redirectURL=http%3A%2F%2Ftuikuan.tmall.com%2F HTTP/1.1" 302 260
2014-12-08 17:09:06,127:INFO:Starting new HTTPS connection (1): login.taobao.com
2014-12-08 17:09:06,365:DEBUG:"GET /member/login.jhtml?redirectURL=http%3A%2F%2Ftuikuan.tmall.com%2F HTTP/1.1" 200 None
2014-12-08 17:09:06,382:INFO:success 4
2014-12-08 17:09:11,475:INFO:Starting new HTTP connection (1): trade.tmall.com
2014-12-08 17:09:11,577:DEBUG:"GET / HTTP/1.1" 302 260
2014-12-08 17:09:11,616:INFO:Starting new HTTP connection (1): err.tmall.com
2014-12-08 17:09:11,638:DEBUG:"GET /error1.html HTTP/1.1" 200 6551
2014-12-08 17:09:11,655:INFO:success 5
2014-12-08 17:09:16,731:INFO:Starting new HTTP connection (1): gongxiao.tmall.com
2014-12-08 17:09:16,810:DEBUG:"GET / HTTP/1.1" 301 280
2014-12-08 17:09:16,815:INFO:Resetting dropped connection: gongxiao.tmall.com
2014-12-08 17:09:16,904:DEBUG:"GET /index.htm HTTP/1.1" 200 None
2014-12-08 17:09:16,948:INFO:success 6
2014-12-08 17:09:22,018:INFO:Starting new HTTP connection (1): vip.tmall.com
2014-12-08 17:09:22,131:DEBUG:"GET / HTTP/1.1" 200 None
2014-12-08 17:09:22,317:INFO:success 7
2014-12-08 17:09:27,363:INFO:Starting new HTTP connection (1): upload.tmall.com
2014-12-08 17:09:27,458:DEBUG:"GET / HTTP/1.1" 200 None
2014-12-08 17:09:27,460:INFO:success 8
2014-12-08 17:09:32,548:INFO:Starting new HTTP connection (1): chaoshi.tmall.com
2014-12-08 17:09:32,628:DEBUG:"GET / HTTP/1.1" 200 None
2014-12-08 17:09:32,659:INFO:success 9
2014-12-08 17:11:14,393:INFO:Starting new HTTP connection (1): v.youku.com
2014-12-08 17:11:14,504:DEBUG:"GET /v_show/id_XODQzMDQ0NTQ0.html HTTP/1.1" 200 18898
2014-12-08 17:11:14,625:INFO:success 1
2014-12-08 17:11:19,634:INFO:Starting new HTTP connection (1): v.youku.com
2014-12-08 17:11:19,744:DEBUG:"GET /v_show/id_XODQzMDQ0NTQ0.html HTTP/1.1" 200 18898
2014-12-08 17:11:19,849:INFO:success 2
2014-12-08 17:11:24,859:INFO:Starting new HTTP connection (1): v.youku.com
2014-12-08 17:11:24,958:DEBUG:"GET /v_show/id_XODQzMDQ0NTQ0.html HTTP/1.1" 200 18898
2014-12-08 17:11:25,033:INFO:success 3
2014-12-08 17:11:30,042:INFO:Starting new HTTP connection (1): v.youku.com
2014-12-08 17:11:30,132:DEBUG:"GET /v_show/id_XODQzMDQ0NTQ0.html HTTP/1.1" 200 18898
2014-12-08 17:11:30,192:INFO:success 4
2014-12-08 17:15:09,933:INFO:Starting new HTTP connection (1): v.youku.com
2014-12-08 17:15:10,007:DEBUG:"GET /v_show/id_XODQzMDQ0NTQ0.html HTTP/1.1" 200 18898
2014-12-08 17:15:10,101:INFO:success 1
2014-12-08 17:15:15,108:INFO:Starting new HTTP connection (1): v.youku.com
2014-12-08 17:15:15,237:DEBUG:"GET /v_show/id_XODQzMDQ0NTQ0.html HTTP/1.1" 200 18898
2014-12-08 17:15:15,337:INFO:success 2
2014-12-08 17:15:20,343:INFO:Starting new HTTP connection (1): v.youku.com
2014-12-08 17:15:20,417:DEBUG:"GET /v_show/id_XODQzMDQ0NTQ0.html HTTP/1.1" 200 18898
2014-12-08 17:15:20,506:INFO:success 3
2014-12-08 17:15:25,511:INFO:Starting new HTTP connection (1): v.youku.com
2014-12-08 17:15:25,597:DEBUG:"GET /v_show/id_XODQzMDQ0NTQ0.html HTTP/1.1" 200 18898
2014-12-08 17:15:25,674:INFO:success 4
2014-12-08 17:17:50,269:INFO:Starting new HTTP connection (1): v.youku.com
2014-12-08 17:18:07,747:DEBUG:"GET /v_show/id_XODQzMDQ0NTQ0.html HTTP/1.1" 200 18898
2014-12-08 17:18:07,817:INFO:success 1
2014-12-08 17:18:12,824:INFO:Starting new HTTP connection (1): v.youku.com
2014-12-08 17:18:12,911:DEBUG:"GET /v_show/id_XODQzMDQ0NTQ0.html HTTP/1.1" 200 18899
2014-12-08 17:18:13,002:INFO:success 2
2014-12-08 17:18:18,010:INFO:Starting new HTTP connection (1): v.youku.com
2014-12-08 17:18:18,103:DEBUG:"GET /v_show/id_XODQzMDQ0NTQ0.html HTTP/1.1" 200 18899
2014-12-08 17:18:18,184:INFO:success 3
2014-12-08 17:18:23,192:INFO:Starting new HTTP connection (1): v.youku.com
2014-12-08 17:18:23,689:DEBUG:"GET /v_show/id_XODQzMDQ0NTQ0.html HTTP/1.1" 200 18899
2014-12-08 17:18:23,776:INFO:success 4
2014-12-08 17:18:28,689:INFO:Starting new HTTP connection (1): v.youku.com
2014-12-08 17:18:28,771:DEBUG:"GET /v_show/id_XODQzMDQ0NTQ0.html HTTP/1.1" 200 18899
2014-12-08 17:18:28,850:INFO:success 1
2014-12-08 17:18:33,858:INFO:Starting new HTTP connection (1): v.youku.com
2014-12-08 17:18:33,932:DEBUG:"GET /v_show/id_XODQzMDQ0NTQ0.html HTTP/1.1" 200 18899
2014-12-08 17:18:34,050:INFO:success 2
2014-12-08 17:19:04,305:INFO:Starting new HTTP connection (1): v.youku.com
2014-12-08 17:19:04,379:DEBUG:"GET /v_show/id_XODQzMDQ0NTQ0.html HTTP/1.1" 200 18899
2014-12-08 17:19:04,448:INFO:success 1
2014-12-08 17:19:09,457:INFO:Starting new HTTP connection (1): v.youku.com
2014-12-08 17:19:09,545:DEBUG:"GET /v_show/id_XODQzMDQ0NTQ0.html HTTP/1.1" 200 18899
2014-12-08 17:19:09,640:INFO:success 2
2014-12-08 18:52:32,520:INFO:Starting new HTTP connection (1): item.jd.com
2014-12-08 18:52:32,736:DEBUG:"GET / HTTP/1.1" 301 177
2014-12-08 18:52:32,892:INFO:Starting new HTTP connection (1): www.jd.com
2014-12-08 18:52:32,960:DEBUG:"GET / HTTP/1.1" 200 88125
2014-12-08 18:52:33,354:INFO:success 1
2014-12-08 18:52:38,498:INFO:Starting new HTTP connection (1): sale.jd.com
2014-12-08 18:52:38,598:DEBUG:"GET / HTTP/1.1" 200 272
2014-12-08 18:52:38,603:INFO:success 2
2014-12-08 18:52:43,806:INFO:Starting new HTTP connection (1): order.jd.com
2014-12-08 18:52:44,037:DEBUG:"GET / HTTP/1.1" 301 178
2014-12-08 18:52:44,070:DEBUG:"GET /center/list.action HTTP/1.1" 302 0
2014-12-08 18:52:44,225:INFO:Starting new HTTP connection (1): passport.jd.com
2014-12-08 18:52:44,468:DEBUG:"GET /uc/login?ReturnUrl=http%3A%2F%2Forder.jd.com%2Fcenter%2Flist.action HTTP/1.1" 301 0
2014-12-08 18:52:44,472:INFO:Starting new HTTPS connection (1): passport.jd.com
2014-12-08 18:52:44,617:DEBUG:"GET /uc/login?ReturnUrl=http%3A%2F%2Forder.jd.com%2Fcenter%2Flist.action HTTP/1.1" 200 None
2014-12-08 18:52:44,634:INFO:success 3
2014-12-08 18:52:49,797:INFO:Starting new HTTP connection (1): mall.jd.com
2014-12-08 18:52:49,864:DEBUG:"GET / HTTP/1.1" 301 178
2014-12-08 18:52:49,868:INFO:Starting new HTTP connection (1): www.jd.com
2014-12-08 18:52:49,938:DEBUG:"GET /pop/ HTTP/1.1" 301 157
2014-12-08 18:52:50,023:INFO:Starting new HTTP connection (1): channel.jd.com
2014-12-08 18:52:50,166:DEBUG:"GET /fashion.html HTTP/1.1" 200 None
2014-12-08 18:52:50,498:INFO:success 4
2014-12-08 18:52:55,508:INFO:Starting new HTTP connection (1): www.jd.com
2014-12-08 18:52:55,573:DEBUG:"GET / HTTP/1.1" 200 88125
2014-12-08 18:52:55,948:INFO:success 5
2014-12-08 18:53:01,109:INFO:Starting new HTTP connection (1): search.jd.com
2014-12-08 18:53:01,278:DEBUG:"GET / HTTP/1.1" 200 None
2014-12-08 18:53:01,285:INFO:success 6
2014-12-08 18:53:06,458:INFO:Starting new HTTP connection (1): afs2.jd.com
2014-12-08 18:53:06,582:DEBUG:"GET / HTTP/1.1" 302 154
2014-12-08 18:53:06,585:INFO:Starting new HTTP connection (1): www.jd.com
2014-12-08 18:53:06,656:DEBUG:"GET /error2.aspx HTTP/1.1" 200 4157
2014-12-08 18:53:06,684:INFO:success 7
2014-12-08 18:53:11,820:INFO:Starting new HTTP connection (1): list.jd.com
2014-12-08 18:53:11,884:DEBUG:"GET / HTTP/1.1" 301 177
2014-12-08 18:53:11,888:INFO:Starting new HTTP connection (1): www.jd.com
2014-12-08 18:53:11,999:DEBUG:"GET / HTTP/1.1" 200 88125
2014-12-08 18:53:12,403:INFO:success 8
2014-12-08 18:53:17,495:INFO:Starting new HTTP connection (1): x.jd.com
2014-12-08 18:53:17,763:DEBUG:"GET / HTTP/1.1" 200 2
2014-12-08 18:53:17,765:INFO:success 9
2014-12-08 18:53:24,018:INFO:Starting new HTTP connection (1): shop.jd.com
2014-12-08 18:53:24,274:DEBUG:"GET / HTTP/1.1" 200 160
2014-12-08 18:53:24,277:INFO:success 10
2014-12-08 18:53:29,418:INFO:Starting new HTTP connection (1): ware.jd.com
2014-12-08 18:53:29,441:DEBUG:"GET / HTTP/1.1" 302 154
2014-12-08 18:53:29,446:INFO:Starting new HTTP connection (1): www.jd.com
2014-12-08 18:53:29,503:DEBUG:"GET /error2.aspx HTTP/1.1" 200 4157
2014-12-08 18:53:29,527:INFO:success 11
2014-12-08 18:54:21,667:INFO:Starting new HTTP connection (1): item.jd.com
2014-12-08 18:54:21,727:DEBUG:"GET / HTTP/1.1" 301 177
2014-12-08 18:54:21,731:INFO:Starting new HTTP connection (1): www.jd.com
2014-12-08 18:54:21,962:DEBUG:"GET / HTTP/1.1" 200 88223
2014-12-08 18:54:22,376:INFO:success 1
2014-12-08 18:54:27,384:INFO:Starting new HTTP connection (1): sale.jd.com
2014-12-08 18:54:27,609:DEBUG:"GET / HTTP/1.1" 200 272
2014-12-08 18:54:27,613:INFO:success 2
2014-12-08 18:54:32,740:INFO:Starting new HTTP connection (1): order.jd.com
2014-12-08 18:54:32,796:DEBUG:"GET / HTTP/1.1" 301 178
2014-12-08 18:54:32,830:DEBUG:"GET /center/list.action HTTP/1.1" 302 0
2014-12-08 18:54:32,960:INFO:Starting new HTTP connection (1): passport.jd.com
2014-12-08 18:54:33,014:DEBUG:"GET /uc/login?ReturnUrl=http%3A%2F%2Forder.jd.com%2Fcenter%2Flist.action HTTP/1.1" 301 0
2014-12-08 18:54:33,018:INFO:Starting new HTTPS connection (1): passport.jd.com
2014-12-08 18:54:33,163:DEBUG:"GET /uc/login?ReturnUrl=http%3A%2F%2Forder.jd.com%2Fcenter%2Flist.action HTTP/1.1" 200 None
2014-12-08 18:54:33,179:INFO:success 3
2014-12-08 18:54:38,185:INFO:Starting new HTTP connection (1): mall.jd.com
2014-12-08 18:54:38,329:DEBUG:"GET / HTTP/1.1" 301 178
2014-12-08 18:54:38,333:INFO:Starting new HTTP connection (1): www.jd.com
2014-12-08 18:54:38,398:DEBUG:"GET /pop/ HTTP/1.1" 301 157
2014-12-08 18:54:38,402:INFO:Starting new HTTP connection (1): channel.jd.com
2014-12-08 18:54:38,529:DEBUG:"GET /fashion.html HTTP/1.1" 200 None
2014-12-08 18:54:38,784:INFO:success 4
2014-12-08 18:54:43,793:INFO:Starting new HTTP connection (1): www.jd.com
2014-12-08 18:54:43,864:DEBUG:"GET / HTTP/1.1" 200 88180
2014-12-08 18:54:44,267:INFO:success 5
2014-12-08 18:54:49,383:INFO:Starting new HTTP connection (1): search.jd.com
2014-12-08 18:54:49,441:DEBUG:"GET / HTTP/1.1" 200 None
2014-12-08 18:54:49,447:INFO:success 6
2014-12-08 18:54:54,581:INFO:Starting new HTTP connection (1): afs2.jd.com
2014-12-08 18:54:54,594:DEBUG:"GET / HTTP/1.1" 302 154
2014-12-08 18:54:54,598:INFO:Starting new HTTP connection (1): www.jd.com
2014-12-08 18:54:54,672:DEBUG:"GET /error2.aspx HTTP/1.1" 200 4157
2014-12-08 18:54:54,694:INFO:success 7
2014-12-08 18:54:59,703:INFO:Starting new HTTP connection (1): list.jd.com
2014-12-08 18:54:59,763:DEBUG:"GET / HTTP/1.1" 301 177
2014-12-08 18:54:59,767:INFO:Starting new HTTP connection (1): www.jd.com
2014-12-08 18:54:59,831:DEBUG:"GET / HTTP/1.1" 200 88223
2014-12-08 18:55:00,181:INFO:success 8
2014-12-08 18:55:05,341:INFO:Starting new HTTP connection (1): x.jd.com
2014-12-08 18:55:05,350:DEBUG:"GET / HTTP/1.1" 200 2
2014-12-08 18:55:05,352:INFO:success 9
2014-12-08 18:55:10,463:INFO:Starting new HTTP connection (1): shop.jd.com
2014-12-08 18:55:10,518:DEBUG:"GET / HTTP/1.1" 200 160
2014-12-08 18:55:10,520:INFO:success 10
2014-12-08 18:55:15,529:INFO:Starting new HTTP connection (1): ware.jd.com
2014-12-08 18:55:15,687:DEBUG:"GET / HTTP/1.1" 302 154
2014-12-08 18:55:15,691:INFO:Starting new HTTP connection (1): www.jd.com
2014-12-08 18:55:15,761:DEBUG:"GET /error2.aspx HTTP/1.1" 200 4157
2014-12-08 18:55:15,790:INFO:success 11
2014-12-08 18:57:58,562:INFO:Starting new HTTP connection (1): item.jd.com
2014-12-08 18:57:58,765:DEBUG:"GET / HTTP/1.1" 301 177
2014-12-08 18:57:58,768:INFO:Starting new HTTP connection (1): www.jd.com
2014-12-08 18:57:59,047:DEBUG:"GET / HTTP/1.1" 200 None
2014-12-08 18:57:59,500:INFO:success 1
2014-12-08 18:58:04,507:INFO:Starting new HTTP connection (1): sale.jd.com
2014-12-08 18:58:04,619:DEBUG:"GET / HTTP/1.1" 200 272
2014-12-08 18:58:04,622:INFO:success 2
2014-12-08 18:58:09,764:INFO:Starting new HTTP connection (1): order.jd.com
2014-12-08 18:58:09,911:DEBUG:"GET / HTTP/1.1" 301 178
2014-12-08 18:58:09,958:DEBUG:"GET /center/list.action HTTP/1.1" 302 0
2014-12-08 18:58:10,095:INFO:Starting new HTTP connection (1): passport.jd.com
2014-12-08 18:58:10,240:DEBUG:"GET /uc/login?ReturnUrl=http%3A%2F%2Forder.jd.com%2Fcenter%2Flist.action HTTP/1.1" 301 0
2014-12-08 18:58:10,244:INFO:Starting new HTTPS connection (1): passport.jd.com
2014-12-08 18:58:10,384:DEBUG:"GET /uc/login?ReturnUrl=http%3A%2F%2Forder.jd.com%2Fcenter%2Flist.action HTTP/1.1" 200 None
2014-12-08 18:58:10,400:INFO:success 3
2014-12-08 18:58:15,560:INFO:Starting new HTTP connection (1): mall.jd.com
2014-12-08 18:58:15,644:DEBUG:"GET / HTTP/1.1" 301 178
2014-12-08 18:58:15,648:INFO:Starting new HTTP connection (1): www.jd.com
2014-12-08 18:58:15,877:DEBUG:"GET /pop/ HTTP/1.1" 301 157
2014-12-08 18:58:15,881:INFO:Starting new HTTP connection (1): channel.jd.com
2014-12-08 18:58:16,042:DEBUG:"GET /fashion.html HTTP/1.1" 200 None
2014-12-08 18:58:16,421:INFO:success 4
2014-12-08 18:58:21,431:INFO:Starting new HTTP connection (1): www.jd.com
2014-12-08 18:58:21,491:DEBUG:"GET / HTTP/1.1" 200 88159
2014-12-08 18:58:21,852:INFO:success 5
2014-12-08 18:58:27,031:INFO:Starting new HTTP connection (1): search.jd.com
2014-12-08 18:58:27,169:DEBUG:"GET / HTTP/1.1" 200 None
2014-12-08 18:58:27,173:INFO:success 6
2014-12-08 18:58:32,357:INFO:Starting new HTTP connection (1): afs2.jd.com
2014-12-08 18:58:32,597:DEBUG:"GET / HTTP/1.1" 302 154
2014-12-08 18:58:32,602:INFO:Starting new HTTP connection (1): www.jd.com
2014-12-08 18:58:32,661:DEBUG:"GET /error2.aspx HTTP/1.1" 200 4157
2014-12-08 18:58:32,683:INFO:success 7
2014-12-08 18:58:37,691:INFO:Starting new HTTP connection (1): list.jd.com
2014-12-08 18:58:37,760:DEBUG:"GET / HTTP/1.1" 301 177
2014-12-08 18:58:37,764:INFO:Starting new HTTP connection (1): www.jd.com
2014-12-08 18:58:37,824:DEBUG:"GET / HTTP/1.1" 200 88337
2014-12-08 18:58:38,174:INFO:success 8
2014-12-08 18:58:43,323:INFO:Starting new HTTP connection (1): x.jd.com
2014-12-08 18:58:44,511:DEBUG:"GET / HTTP/1.1" 200 2
2014-12-08 18:58:44,512:INFO:success 9
2014-12-08 18:58:49,704:INFO:Starting new HTTP connection (1): shop.jd.com
2014-12-08 18:58:49,844:DEBUG:"GET / HTTP/1.1" 200 160
2014-12-08 18:58:49,846:INFO:success 10
2014-12-08 18:58:54,995:INFO:Starting new HTTP connection (1): ware.jd.com
2014-12-08 18:58:55,010:DEBUG:"GET / HTTP/1.1" 302 154
2014-12-08 18:58:55,014:INFO:Starting new HTTP connection (1): www.jd.com
2014-12-08 18:58:55,091:DEBUG:"GET /error2.aspx HTTP/1.1" 200 4157
2014-12-08 18:58:55,116:INFO:success 11
2014-12-08 19:01:07,354:INFO:Starting new HTTP connection (1): item.jd.com
2014-12-08 19:01:07,527:DEBUG:"GET / HTTP/1.1" 301 177
2014-12-08 19:01:07,531:INFO:Starting new HTTP connection (1): www.jd.com
2014-12-08 19:01:07,598:DEBUG:"GET / HTTP/1.1" 200 88165
2014-12-08 19:01:08,016:INFO:success 1
2014-12-08 19:01:13,022:INFO:Starting new HTTP connection (1): sale.jd.com
2014-12-08 19:01:13,250:DEBUG:"GET / HTTP/1.1" 200 272
2014-12-08 19:01:13,254:INFO:success 2
2014-12-08 19:01:18,408:INFO:Starting new HTTP connection (1): order.jd.com
2014-12-08 19:01:18,569:DEBUG:"GET / HTTP/1.1" 301 178
2014-12-08 19:01:18,604:DEBUG:"GET /center/list.action HTTP/1.1" 302 0
2014-12-08 19:01:18,848:INFO:Starting new HTTP connection (1): passport.jd.com
2014-12-08 19:01:19,010:DEBUG:"GET /uc/login?ReturnUrl=http%3A%2F%2Forder.jd.com%2Fcenter%2Flist.action HTTP/1.1" 301 0
2014-12-08 19:01:19,014:INFO:Starting new HTTPS connection (1): passport.jd.com
2014-12-08 19:01:19,152:DEBUG:"GET /uc/login?ReturnUrl=http%3A%2F%2Forder.jd.com%2Fcenter%2Flist.action HTTP/1.1" 200 None
2014-12-08 19:01:19,170:INFO:success 3
2014-12-08 19:01:24,320:INFO:Starting new HTTP connection (1): mall.jd.com
2014-12-08 19:01:24,555:DEBUG:"GET / HTTP/1.1" 301 178
2014-12-08 19:01:24,559:INFO:Starting new HTTP connection (1): www.jd.com
2014-12-08 19:01:24,629:DEBUG:"GET /pop/ HTTP/1.1" 301 157
2014-12-08 19:01:24,633:INFO:Starting new HTTP connection (1): channel.jd.com
2014-12-08 19:01:24,752:DEBUG:"GET /fashion.html HTTP/1.1" 200 None
2014-12-08 19:01:25,013:INFO:success 4
2014-12-08 19:01:30,022:INFO:Starting new HTTP connection (1): www.jd.com
2014-12-08 19:01:30,095:DEBUG:"GET / HTTP/1.1" 200 88294
2014-12-08 19:01:30,509:INFO:success 5
2014-12-08 19:01:35,713:INFO:Starting new HTTP connection (1): search.jd.com
2014-12-08 19:01:35,873:DEBUG:"GET / HTTP/1.1" 200 None
2014-12-08 19:01:35,881:INFO:success 6
2014-12-08 19:01:41,080:INFO:Starting new HTTP connection (1): afs2.jd.com
2014-12-08 19:01:41,191:DEBUG:"GET / HTTP/1.1" 302 154
2014-12-08 19:01:41,195:INFO:Starting new HTTP connection (1): www.jd.com
2014-12-08 19:01:42,481:DEBUG:"GET /error2.aspx HTTP/1.1" 200 4157
2014-12-08 19:01:42,507:INFO:success 7
2014-12-08 19:01:47,512:INFO:Starting new HTTP connection (1): list.jd.com
2014-12-08 19:01:47,591:DEBUG:"GET / HTTP/1.1" 301 177
2014-12-08 19:01:47,595:INFO:Starting new HTTP connection (1): www.jd.com
2014-12-08 19:01:47,741:DEBUG:"GET / HTTP/1.1" 200 None
2014-12-08 19:01:48,232:INFO:success 8
2014-12-08 19:01:53,392:INFO:Starting new HTTP connection (1): x.jd.com
2014-12-08 19:01:53,579:DEBUG:"GET / HTTP/1.1" 200 2
2014-12-08 19:01:53,582:INFO:success 9
2014-12-08 19:01:58,787:INFO:Starting new HTTP connection (1): shop.jd.com
2014-12-08 19:01:58,942:DEBUG:"GET / HTTP/1.1" 200 None
2014-12-08 19:01:58,945:INFO:success 10
2014-12-08 19:02:04,105:INFO:Starting new HTTP connection (1): ware.jd.com
2014-12-08 19:02:04,180:DEBUG:"GET / HTTP/1.1" 302 154
2014-12-08 19:02:04,184:INFO:Starting new HTTP connection (1): www.jd.com
2014-12-08 19:02:04,503:DEBUG:"GET /error2.aspx HTTP/1.1" 200 4157
2014-12-08 19:02:04,559:INFO:success 11
